time="2024-08-15 10:46:55" level=error msg="create auth server fail,err:the authserver is exit"
time="2024-08-15 10:50:55" level=error msg="add user failed, the err is: the user name is exit"
time="2024-08-15 11:36:56" level=error msg="when login query mysql failed, err:<nil>"
time="2024-08-15 11:37:55" level=error msg="panic err msg:runtime error: invalid memory address or nil pointer dereference"
time="2024-08-15 11:38:41" level=error msg="panic err msg:runtime error: invalid memory address or nil pointer dereference"
time="2024-08-15 11:40:03" level=error msg="panic err msg:runtime error: invalid memory address or nil pointer dereference"
time="2024-08-15 11:40:42" level=error msg="panic err msg:runtime error: invalid memory address or nil pointer dereference"
time="2024-08-15 11:41:47" level=error msg="panic err msg:runtime error: invalid memory address or nil pointer dereference"
time="2024-08-15 11:42:04" level=error msg="panic err msg:runtime error: invalid memory address or nil pointer dereference"
time="2024-08-15 11:42:37" level=error msg="panic err msg:runtime error: invalid memory address or nil pointer dereference"
time="2024-08-15 11:45:24" level=error msg="panic err msg:runtime error: invalid memory address or nil pointer dereference"
time="2024-08-15 11:46:31" level=error msg="panic err msg:runtime error: invalid memory address or nil pointer dereference"
time="2024-08-15 11:47:26" level=error msg="get auth config failed,err:Error 1146 (42S02): Table 'ivm-database.users' doesn't exist"
time="2024-08-15 11:47:26" level=error msg="login by local bind json failed,err:Error 1146 (42S02): Table 'ivm-database.users' doesn't exist"
time="2024-08-15 11:48:06" level=error msg="get auth config failed,err:Error 1054 (42S22): Unknown column 'users.id' in 'where clause'"
time="2024-08-15 11:48:06" level=error msg="login by local bind json failed,err:Error 1054 (42S22): Unknown column 'users.id' in 'where clause'"
time="2024-08-15 11:56:33" level=error msg="create auth server fail,err:the authserver is exit"
time="2024-08-15 16:11:02" level=error msg="send get request fail, err:Get \"http://localhost:8089/?param1=value1&param2=value2\": dial tcp [::1]:8089: connectex: No connection could be made because the target machine actively refused it."
time="2024-08-15 16:11:02" level=error msg="send get http failed, err:Get \"http://localhost:8089/?param1=value1&param2=value2\": dial tcp [::1]:8089: connectex: No connection could be made because the target machine actively refused it."
time="2024-08-15 16:11:02" level=error msg="http login failed"
time="2024-08-15 16:11:02" level=error msg="login by local bind json failed,err:http login failed"
