time="2024-08-19 11:03:23" level=error msg="login by local get Resources failed, err:Resources: unsupported relations for schema Resource"
time="2024-08-19 11:03:23" level=error msg="login by local failed,err:Resources: unsupported relations for schema Resource"
time="2024-08-19 11:04:08" level=error msg="login by local get Resources failed, err:Resources: unsupported relations for schema Resource"
time="2024-08-19 11:04:08" level=error msg="login by local failed,err:Resources: unsupported relations for schema Resource"
time="2024-08-19 11:04:34" level=error msg="login by local get Resources failed, err:Resources: unsupported relations for schema Resource"
time="2024-08-19 11:04:34" level=error msg="login by local failed,err:Resources: unsupported relations for schema Resource"
time="2024-08-19 11:22:27" level=error msg="login by local get Resources failed, err:Resources: unsupported relations for schema Resource"
time="2024-08-19 11:22:27" level=error msg="login by local failed,err:Resources: unsupported relations for schema Resource"
time="2024-08-19 11:31:46" level=error msg="login by local get Resources failed, err:Resources: unsupported relations for schema Resource"
time="2024-08-19 11:31:46" level=error msg="login by local failed,err:Resources: unsupported relations for schema Resource"
time="2024-08-19 11:32:04" level=error msg="login by local get Resources failed, err:Resource: unsupported relations for schema Resource"
time="2024-08-19 11:32:04" level=error msg="login by local failed,err:Resource: unsupported relations for schema Resource"
time="2024-08-19 11:32:53" level=error msg="login by local get Resources failed, err:UserList: unsupported relations for schema User"
time="2024-08-19 11:32:53" level=error msg="login by local failed,err:UserList: unsupported relations for schema User"
time="2024-08-19 11:36:10" level=error msg="login by local get Resources failed, err:Resource: unsupported relations for schema Resource"
time="2024-08-19 11:36:10" level=error msg="login by local failed,err:Resource: unsupported relations for schema Resource"
time="2024-08-19 11:36:23" level=error msg="login by local get Resources failed, err:Resources: unsupported relations for schema Resource"
time="2024-08-19 11:36:23" level=error msg="login by local failed,err:Resources: unsupported relations for schema Resource"
time="2024-08-19 11:58:12" level=error msg="GetResourceByResourceIds bind resource fail,err:json: cannot unmarshal object into Go value of type []string"
time="2024-08-19 11:59:27" level=error msg="panic err msg:interface conversion: interface {} is []interface {}, not []string"
time="2024-08-19 11:59:49" level=error msg="GetResourceByResourceIds get resource fail,err:redis: nil"
time="2024-08-19 11:59:49" level=error msg="GetResourceByResourceIds get resource fail,err:redis: nil"
time="2024-08-19 12:00:18" level=error msg="panic err msg:interface conversion: interface {} is map[string]interface {}, not []interface {}"
time="2024-08-19 12:01:14" level=error msg="the database have the resource or occurred error"
time="2024-08-19 12:01:14" level=error msg="create resource failed, err: the database have the resource or occurred error"
time="2024-08-19 12:01:58" level=error msg="panic err msg:interface conversion: interface {} is map[string]interface {}, not []interface {}"
time="2024-08-19 12:04:07" level=error msg="GetResourceByResourceIds get resource fail,err:redis: nil"
time="2024-08-19 12:04:07" level=error msg="GetResourceByResourceIds get resource fail,err:redis: nil"
time="2024-08-19 12:04:31" level=error msg="GetResourceByResourceIds get resource fail,err:redis: nil"
time="2024-08-19 12:04:31" level=error msg="GetResourceByResourceIds get resource fail,err:redis: nil"
time="2024-08-19 12:04:45" level=error msg="GetResourceByResourceIds get resource fail,err:redis: nil"
time="2024-08-19 12:04:45" level=error msg="GetResourceByResourceIds get resource fail,err:redis: nil"
time="2024-08-19 12:06:33" level=error msg="GetResourceByResourceIds get resource fail,err:redis: nil"
time="2024-08-19 12:06:33" level=error msg="GetResourceByResourceIds get resource fail,err:redis: nil"
time="2024-08-19 12:07:25" level=error msg="GetResourceByResourceIds get resource fail,err:redis: nil"
time="2024-08-19 12:07:25" level=error msg="GetResourceByResourceIds get resource fail,err:redis: nil"
time="2024-08-19 12:09:28" level=error msg="GetResourceByResourceIds get resource fail,err:redis: nil"
time="2024-08-19 12:09:28" level=error msg="GetResourceByResourceIds get resource fail,err:redis: nil"
time="2024-08-19 12:10:05" level=error msg="GetResourceByResourceIds get resource fail,err:redis: nil"
time="2024-08-19 12:10:05" level=error msg="GetResourceByResourceIds get resource fail,err:redis: nil"
time="2024-08-19 12:11:36" level=error msg="GetResourceByResourceIds get resource fail,err:redis: nil"
time="2024-08-19 12:13:49" level=error msg="GetResourceByResourceIds get resource fail,err:redis: nil"
time="2024-08-19 12:14:03" level=error msg="GetResourceByResourceIds get resource fail,err:redis: nil"
