time="2024-08-14 11:10:41" level=error msg="panic err msg:sssss"
time="2024-08-14 13:37:12" level=error msg="login by local bind json failed,err:json: Unmarshal(non-pointer map[string]interface {})"
time="2024-08-14 14:04:01" level=error msg="when login query mysql failed, err:<nil>"
time="2024-08-14 15:11:14" level=error msg="add user failed, the err is: the user name is exit"
time="2024-08-14 15:11:18" level=error msg="add user failed, the err is: the user name is exit"
time="2024-08-14 15:11:46" level=error msg="add user failed, the err is: the user name is exit"
time="2024-08-14 15:53:45" level=error msg="set redis err, ett:redis: can't marshal gin.H (implement encoding.BinaryMarshaler)"
time="2024-08-14 15:53:45" level=error msg="login by local bind json failed,err:redis: can't marshal gin.H (implement encoding.BinaryMarshaler)"
time="2024-08-14 15:55:02" level=error msg="set redis err, err:redis: can't marshal gin.H (implement encoding.BinaryMarshaler)"
time="2024-08-14 15:55:02" level=error msg="login by local bind json failed,err:redis: can't marshal gin.H (implement encoding.BinaryMarshaler)"
time="2024-08-14 16:02:12" level=error msg="add user failed, the err is: the user name is exit"
time="2024-08-14 18:17:46" level=error msg="user dir create failed, err: the userDir is in exit"
time="2024-08-14 18:51:38" level=error msg="create authServer, err:unsupported data type: &map[]: Table not set, please set it like: db.Model(&user) or db.Table(\"users\")"
time="2024-08-14 18:51:38" level=error msg="create auth server fail,err:unsupported data type: &map[]: Table not set, please set it like: db.Model(&user) or db.Table(\"users\")"
time="2024-08-14 18:54:37" level=error msg="bind auth server fail,err:json: cannot unmarshal object into Go struct field AuthServer.auth_config of type string"
time="2024-08-14 18:55:37" level=error msg="create authServer, err:sql: converting argument $4 type: unsupported type model.JSONMap, a map"
time="2024-08-14 18:55:37" level=error msg="create auth server fail,err:sql: converting argument $4 type: unsupported type model.JSONMap, a map"
time="2024-08-14 18:59:22" level=error msg="bind auth server fail,err:json: cannot unmarshal object into Go struct field AuthServer.auth_config of type string"
time="2024-08-14 19:01:19" level=error msg="bind auth server fail,err:json: cannot unmarshal object into Go struct field AuthServer.auth_config of type string"
time="2024-08-14 19:01:25" level=error msg="bind auth server fail,err:json: cannot unmarshal object into Go struct field AuthServer.auth_config of type string"
time="2024-08-14 19:02:09" level=error msg="create authServer, err:sql: converting argument $4 type: unsupported type map[string]interface {}, a map"
time="2024-08-14 19:02:09" level=error msg="create auth server fail,err:sql: converting argument $4 type: unsupported type map[string]interface {}, a map"
time="2024-08-14 19:03:18" level=error msg="create authServer, err:sql: converting argument $4 type: unsupported type map[string]interface {}, a map"
time="2024-08-14 19:03:18" level=error msg="create auth server fail,err:sql: converting argument $4 type: unsupported type map[string]interface {}, a map"
time="2024-08-14 19:03:40" level=error msg="bind auth server fail,err:json: cannot unmarshal object into Go struct field AuthServer.auth_config of type string"
time="2024-08-14 19:05:09" level=error msg="create authServer, err:sql: converting argument $4 type: unsupported type map[string]interface {}, a map"
time="2024-08-14 19:05:09" level=error msg="create auth server fail,err:sql: converting argument $4 type: unsupported type map[string]interface {}, a map"
time="2024-08-14 19:05:13" level=error msg="create authServer, err:sql: converting argument $4 type: unsupported type map[string]interface {}, a map"
time="2024-08-14 19:05:13" level=error msg="create auth server fail,err:sql: converting argument $4 type: unsupported type map[string]interface {}, a map"
time="2024-08-14 19:05:15" level=error msg="create authServer, err:sql: converting argument $4 type: unsupported type map[string]interface {}, a map"
time="2024-08-14 19:05:15" level=error msg="create auth server fail,err:sql: converting argument $4 type: unsupported type map[string]interface {}, a map"
time="2024-08-14 19:06:52" level=error msg="bind auth server fail,err:json: cannot unmarshal object into Go struct field AuthServer.auth_config of type string"
time="2024-08-14 19:06:54" level=error msg="bind auth server fail,err:json: cannot unmarshal object into Go struct field AuthServer.auth_config of type string"
time="2024-08-14 19:08:08" level=error msg="bind auth server fail,err:json: cannot unmarshal object into Go struct field AuthServer.auth_config of type string"
time="2024-08-14 19:15:28" level=error msg="create authServer, err:unsupported data type: &[]: Table not set, please set it like: db.Model(&user) or db.Table(\"users\")"
time="2024-08-14 19:15:28" level=error msg="create auth server fail,err:unsupported data type: &[]: Table not set, please set it like: db.Model(&user) or db.Table(\"users\")"
time="2024-08-14 19:16:23" level=error msg="create authServer, err:unsupported data type: &[]: Table not set, please set it like: db.Model(&user) or db.Table(\"users\")"
time="2024-08-14 19:16:23" level=error msg="create auth server fail,err:unsupported data type: &[]: Table not set, please set it like: db.Model(&user) or db.Table(\"users\")"
time="2024-08-14 19:18:44" level=error msg="create authServer, err:unsupported data type: &[]: Table not set, please set it like: db.Model(&user) or db.Table(\"users\")"
time="2024-08-14 19:18:44" level=error msg="create auth server fail,err:unsupported data type: &[]: Table not set, please set it like: db.Model(&user) or db.Table(\"users\")"
time="2024-08-14 19:22:51" level=error msg="create authServer, err:unsupported data type: &[]: Table not set, please set it like: db.Model(&user) or db.Table(\"users\")"
time="2024-08-14 19:22:51" level=error msg="create auth server fail,err:unsupported data type: &[]: Table not set, please set it like: db.Model(&user) or db.Table(\"users\")"
time="2024-08-14 19:23:41" level=error msg="create authServer, err:unsupported data type: &[]: Table not set, please set it like: db.Model(&user) or db.Table(\"users\")"
time="2024-08-14 19:23:41" level=error msg="create auth server fail,err:unsupported data type: &[]: Table not set, please set it like: db.Model(&user) or db.Table(\"users\")"
time="2024-08-14 19:27:23" level=error msg="create authServer, err:sql: converting argument $4 type: unsupported type model.AuthConfig, a struct"
time="2024-08-14 19:27:23" level=error msg="create auth server fail,err:sql: converting argument $4 type: unsupported type model.AuthConfig, a struct"
time="2024-08-14 19:30:33" level=error msg="create authServer, err:Error 1136 (21S01): Column count doesn't match value count at row 1"
time="2024-08-14 19:30:33" level=error msg="create auth server fail,err:Error 1136 (21S01): Column count doesn't match value count at row 1"
time="2024-08-14 19:32:06" level=error msg="create auth server fail,err:the authserver is exit"
time="2024-08-14 19:32:30" level=error msg="create auth server fail,err:the authserver is exit"
time="2024-08-14 19:33:13" level=error msg="create auth server fail,err:the authserver is exit"
time="2024-08-14 19:42:34" level=error msg="create auth server fail,err:the authserver is exit"
time="2024-08-14 20:24:54" level=error msg="bind auth server fail,err:json: cannot unmarshal object into Go struct field AuthServer.auth_config of type string"
time="2024-08-14 20:25:31" level=error msg="create auth server fail,err:the authserver is exit"
time="2024-08-14 20:29:52" level=error msg="add user failed, the err is: the user name is exit"
time="2024-08-14 20:51:23" level=error msg="get user by jsonUtil failed, err:model.AuthServer.AuthConfig: readObjectStart: expect { or n, but found \", error found in #10 byte of ...|_config\":\"{\\\"body\\\":|..., bigger context ...|{\"auth_config\":\"{\\\"body\\\": \\\"example_body\\\", \\\"params\\\": [[\\\"param|..."
time="2024-08-14 20:52:57" level=error msg="get user by jsonUtil failed, err:model.AuthServer.AuthConfig: readObjectStart: expect { or n, but found \", error found in #10 byte of ...|_config\":\"{\\\"body\\\":|..., bigger context ...|{\"auth_config\":\"{\\\"body\\\": \\\"example_body\\\", \\\"params\\\": [[\\\"param|..."
time="2024-08-14 20:54:39" level=error msg="get user by jsonUtil failed, err:model.AuthServer.AuthConfig: readObjectStart: expect { or n, but found \", error found in #10 byte of ...|_config\":\"{\\\"body\\\":|..., bigger context ...|{\"auth_config\":\"{\\\"body\\\": \\\"example_body\\\", \\\"params\\\": [[\\\"param|..."
time="2024-08-14 20:59:01" level=error msg="get user by jsonUtil failed, err:model.AuthServer.AuthConfig: readObjectStart: expect { or n, but found \", error found in #10 byte of ...|_config\":\"{\\\"body\\\":|..., bigger context ...|{\"auth_config\":\"{\\\"body\\\": \\\"example_body\\\", \\\"params\\\": [[\\\"param|..."
time="2024-08-14 21:18:15" level=error msg="create authServer, err:Error 1054 (42S22): Unknown column 'auth_config' in 'field list'"
time="2024-08-14 21:18:15" level=error msg="create auth server fail,err:Error 1054 (42S22): Unknown column 'auth_config' in 'field list'"
time="2024-08-14 21:23:46" level=error msg="create auth server fail,err:the authserver is exit"
