time="2024-08-18 19:37:49" level=error msg="when login query mysql failed, err:<nil>"
time="2024-08-18 20:09:38" level=error msg="panic err msg:interface conversion: interface {} is []interface {}, not []string"
time="2024-08-18 20:28:57" level=error msg="c222222222:Error 1054 (42S22): Unknown column '2028df45' in 'where clause'"
time="2024-08-18 20:28:57" level=error msg="create resource failed, err: Error 1054 (42S22): Unknown column '2028df45' in 'where clause'"
time="2024-08-18 20:31:49" level=error msg="the database have the resource or occurred error"
time="2024-08-18 20:31:49" level=error msg="create resource failed, err: the database have the resource or occurred error"
time="2024-08-18 20:32:40" level=error msg="c222222222:Error 1054 (42S22): Unknown column 'a5c7cdcc' in 'where clause'"
time="2024-08-18 20:32:40" level=error msg="create resource failed, err: Error 1054 (42S22): Unknown column 'a5c7cdcc' in 'where clause'"
time="2024-08-18 20:34:54" level=error msg="c222222222:user: unsupported relations for schema Resource"
time="2024-08-18 20:34:54" level=error msg="create resource failed, err: user: unsupported relations for schema Resource"
time="2024-08-18 20:38:56" level=error msg="c222222222:user: unsupported relations for schema User"
time="2024-08-18 20:38:56" level=error msg="create resource failed, err: user: unsupported relations for schema User"
time="2024-08-18 20:41:37" level=error msg="the database have the resource or occurred error"
time="2024-08-18 20:41:37" level=error msg="create resource failed, err: the database have the resource or occurred error"
time="2024-08-18 20:41:58" level=error msg="c222222222:user: unsupported relations for schema User"
time="2024-08-18 20:41:58" level=error msg="create resource failed, err: user: unsupported relations for schema User"
time="2024-08-18 20:43:33" level=error msg="c222222222:user: unsupported relations for schema User"
time="2024-08-18 20:43:33" level=error msg="create resource failed, err: user: unsupported relations for schema User"
time="2024-08-18 20:43:49" level=error msg="c222222222:users: unsupported relations for schema User"
time="2024-08-18 20:43:49" level=error msg="create resource failed, err: users: unsupported relations for schema User"
time="2024-08-18 20:44:10" level=error msg="c222222222:users: unsupported relations for schema User"
time="2024-08-18 20:44:10" level=error msg="create resource failed, err: users: unsupported relations for schema User"
time="2024-08-18 20:44:37" level=error msg="c222222222:users: unsupported relations for schema User"
time="2024-08-18 20:44:37" level=error msg="create resource failed, err: users: unsupported relations for schema User"
time="2024-08-18 20:47:18" level=error msg="c222222222:Users: unsupported relations for schema User"
time="2024-08-18 20:47:18" level=error msg="create resource failed, err: Users: unsupported relations for schema User"
time="2024-08-18 20:47:39" level=error msg="c222222222:UserList: unsupported relations for schema User"
time="2024-08-18 20:47:39" level=error msg="create resource failed, err: UserList: unsupported relations for schema User"
time="2024-08-18 20:52:40" level=error msg="c222222222:Error 1054 (42S22): Unknown column 'resource_id' in 'where clause'"
time="2024-08-18 20:52:40" level=error msg="create resource failed, err: Error 1054 (42S22): Unknown column 'resource_id' in 'where clause'"
time="2024-08-18 20:57:55" level=error msg="c222222222:Resource: unsupported relations for schema User"
time="2024-08-18 20:57:55" level=error msg="create resource failed, err: Resource: unsupported relations for schema User"
