time="2024-08-13 18:01:28" level=info msg="This is an info message."
time="2024-08-13 18:01:28" level=warning msg="This is a warning message."
time="2024-08-13 18:01:28" level=error msg="This is an error message."
time="2024-08-13 18:01:57" level=info msg="This is an info message."
time="2024-08-13 18:01:57" level=warning msg="This is a warning message."
time="2024-08-13 18:01:57" level=error msg="This is an error message."
time="2024-08-13 18:02:56" level=info msg="This is an info message."
time="2024-08-13 18:02:56" level=warning msg="This is a warning message."
time="2024-08-13 18:02:56" level=error msg="This is an error message."
time="2024-08-13 18:03:04" level=error msg="This is an error message."
time="2024-08-13 18:03:12" level=error msg="This is an error message."
time="2024-08-13 18:08:24" level=info msg="This is an info message."
time="2024-08-13 18:08:24" level=warning msg="This is a warning message."
time="2024-08-13 18:08:24" level=error msg="This is an error message."
time="2024-08-13 18:08:29" level=error msg="This is an error message."
time="2024-08-13 18:08:30" level=error msg="This is an error message."
time="2024-08-13 18:08:34" level=error msg="This is an error message."
time="2024-08-13 18:08:35" level=error msg="This is an error message."
time="2024-08-13 18:08:35" level=error msg="This is an error message."
time="2024-08-13 18:08:35" level=error msg="This is an error message."
time="2024-08-13 18:08:35" level=error msg="This is an error message."
time="2024-08-13 18:08:36" level=error msg="This is an error message."
time="2024-08-13 18:08:36" level=error msg="This is an error message."
time="2024-08-13 18:08:36" level=error msg="This is an error message."
time="2024-08-13 18:08:36" level=error msg="This is an error message."
time="2024-08-13 18:08:36" level=error msg="This is an error message."
time="2024-08-13 18:08:37" level=error msg="This is an error message."
time="2024-08-13 18:22:32" level=info msg="This is an info message."
time="2024-08-13 18:22:32" level=warning msg="This is a warning message."
time="2024-08-13 18:22:32" level=error msg="This is an error message."
time="2024-08-13 18:22:34" level=error msg="This is an error message."
time="2024-08-13 18:22:57" level=info msg="This is an info message."
time="2024-08-13 18:22:57" level=warning msg="This is a warning message."
time="2024-08-13 18:22:57" level=error msg="This is an error message."
time="2024-08-13 18:23:00" level=error msg="当前用户%s未登录成功，请重新登录"
time="2024-08-13 18:23:00" level=error msg="This is an error message."
time="2024-08-13 18:24:29" level=info msg="This is an info message."
time="2024-08-13 18:24:29" level=warning msg="This is a warning message."
time="2024-08-13 18:24:29" level=error msg="This is an error message."
time="2024-08-13 18:24:33" level=error msg="当前用户未登录成功，请重新登录" username=
time="2024-08-13 18:24:33" level=error msg="This is an error message."
time="2024-08-13 18:25:04" level=error msg="当前用户未登录成功，请重新登录" username=
time="2024-08-13 18:25:04" level=error msg="This is an error message."
time="2024-08-13 18:26:26" level=error msg="当前用户未登录成功，请重新登录" username=
time="2024-08-13 18:26:26" level=error msg="This is an error message."
time="2024-08-13 18:26:52" level=info msg="This is an info message."
time="2024-08-13 18:26:52" level=warning msg="This is a warning message."
time="2024-08-13 18:26:52" level=error msg="This is an error message."
time="2024-08-13 18:26:59" level=error msg="当前用户未登录成功，请重新登录" username=
time="2024-08-13 18:27:06" level=error msg="当前用户未登录成功，请重新登录" username=
time="2024-08-13 18:27:06" level=error msg="This is an error message."
time="2024-08-13 18:27:10" level=error msg="当前用户未登录成功，请重新登录" username=
time="2024-08-13 18:27:10" level=error msg="This is an error message."
time="2024-08-13 18:27:36" level=error msg="当前用户未登录成功，请重新登录" username=
time="2024-08-13 18:27:36" level=error msg="This is an error message."
time="2024-08-13 18:27:41" level=error msg="当前用户未登录成功，请重新登录" username=
time="2024-08-13 18:27:41" level=error msg="This is an error message."
time="2024-08-13 18:28:30" level=info msg="This is an info message."
time="2024-08-13 18:28:30" level=warning msg="This is a warning message."
time="2024-08-13 18:28:30" level=error msg="This is an error message."
time="2024-08-13 18:28:31" level=error msg="当前用户未登录成功，请重新登录" username=22222
time="2024-08-13 18:28:31" level=error msg="This is an error message."
time="2024-08-13 18:31:08" level=info msg="This is an info message."
time="2024-08-13 18:31:08" level=warning msg="This is a warning message."
time="2024-08-13 18:31:08" level=error msg="This is an error message."
time="2024-08-13 18:31:17" level=error msg="当前用户未登录成功，请重新登录" username=wang
time="2024-08-13 18:31:17" level=error msg="This is an error message."
time="2024-08-13 18:31:20" level=error msg="当前用户未登录成功，请重新登录" username=wang
time="2024-08-13 18:31:20" level=error msg="This is an error message."
time="2024-08-13 18:32:32" level=info msg="This is an info message."
time="2024-08-13 18:32:32" level=warning msg="This is a warning message."
time="2024-08-13 18:32:32" level=error msg="This is an error message."
time="2024-08-13 18:32:36" level=error msg="当前用户未登录成功，请重新登录" username=2121212
time="2024-08-13 18:32:36" level=error msg="This is an error message."
time="2024-08-13 18:41:13" level=info msg="This is an info message."
time="2024-08-13 18:41:13" level=warning msg="This is a warning message."
time="2024-08-13 18:41:13" level=error msg="This is an error message."
time="2024-08-13 18:41:15" level=error msg="当前用户未登录成功，请重新登录" username=2121212
time="2024-08-13 18:41:15" level=error msg="This is an error message."
time="2024-08-13 18:41:21" level=error msg="当前用户未登录成功，请重新登录" username=2121212
time="2024-08-13 18:41:21" level=error msg="This is an error message."
time="2024-08-13 18:41:46" level=info msg="This is an info message."
time="2024-08-13 18:41:46" level=warning msg="This is a warning message."
time="2024-08-13 18:41:46" level=error msg="This is an error message."
time="2024-08-13 18:41:47" level=error msg="当前用户未登录成功，请重新登录" username=2121212
time="2024-08-13 18:42:30" level=info msg="This is an info message."
time="2024-08-13 18:42:30" level=warning msg="This is a warning message."
time="2024-08-13 18:42:30" level=error msg="This is an error message."
time="2024-08-13 18:42:32" level=error msg="当前用户未登录成功，请重新登录" username=2121212
time="2024-08-13 18:42:42" level=error msg="当前用户未登录成功，请重新登录" username=2121212
time="2024-08-13 18:42:48" level=info msg="This is an info message."
time="2024-08-13 18:42:48" level=warning msg="This is a warning message."
time="2024-08-13 18:42:48" level=error msg="This is an error message."
time="2024-08-13 18:42:50" level=error msg="当前用户未登录成功，请重新登录" username=2121212
time="2024-08-13 18:46:26" level=info msg="This is an info message."
time="2024-08-13 18:46:26" level=warning msg="This is a warning message."
time="2024-08-13 18:46:26" level=error msg="This is an error message."
time="2024-08-13 18:46:28" level=error msg="当前用户未登录成功，请重新登录" username=2121212
time="2024-08-13 19:01:55" level=info msg="This is an info message."
time="2024-08-13 19:01:55" level=warning msg="This is a warning message."
time="2024-08-13 19:01:55" level=error msg="This is an error message."
time="2024-08-13 19:24:54" level=error msg="数据库链接失败错误信息：This is a custom error message"
